<?xml version="1.0" encoding="UTF-8"?>
<!-- Generated by org.testng.reporters.JUnitXMLReporter -->
<testsuite ignored="6" hostname="Shan" failures="1" tests="2" name="SanityTest" time="23.95" errors="0" timestamp="2023-06-13T22:43:06 IST">
  <testcase classname="com.swaglab.testcases.LoginPageTest" name="logintest" time="6.728"/>
  <testcase classname="com.swaglab.testcases.ContactPageTest" name="clickoncontactTest" time="5.024">
    <failure type="java.lang.AssertionError" message="Logo is present expected [true] but found [false]">
      <![CDATA[java.lang.AssertionError: Logo is present expected [true] but found [false]
at com.swaglab.testcases.ContactPageTest.clickoncontactTest(ContactPageTest.java:28)
at java.base/java.util.ArrayList.forEach(ArrayList.java:1511)
... Removed 28 stack frames]]>
    </failure>
  </testcase> <!-- clickoncontactTest -->
  <testcase classname="com.swaglab.baseclass.BaseClass" name="@BeforeSuite loadConfig" time="0.0">
    <ignored/>
  </testcase> <!-- @BeforeSuite loadConfig -->
  <testcase classname="com.swaglab.baseclass.BaseClass" name="@BeforeSuite loadConfig" time="0.0">
    <ignored/>
  </testcase> <!-- @BeforeSuite loadConfig -->
  <testcase classname="com.swaglab.testcases.LoginPageTest" name="Signuptest" time="0.0">
    <ignored/>
  </testcase> <!-- Signuptest -->
  <testcase classname="com.swaglab.testcases.SearchProductPageTest" name="searchProductTest" time="0.0">
    <ignored/>
  </testcase> <!-- searchProductTest -->
  <testcase classname="com.swaglab.baseclass.BaseClass" name="@AfterSuite closeextent" time="0.0">
    <ignored/>
  </testcase> <!-- @AfterSuite closeextent -->
  <testcase classname="com.swaglab.baseclass.BaseClass" name="@AfterSuite closeextent" time="0.0">
    <ignored/>
  </testcase> <!-- @AfterSuite closeextent -->
</testsuite> <!-- SanityTest -->
